
> aixkarepivot@1.0.0 start
> export TESTING=0 && export LEVEL=release && sudo node index.mjs

Testing:  undefined
Log Level:  undefined
Server is running on port:  80
Req received from: ::ffff:189.216.40.117  getting: ( angelakimichellle@hotmail.com   fuckkkkkk )
About to insert to db this document:  {
  date: '2023/11/13',
  time: '04:49:50',
  email: 'angelakimichellle@hotmail.com',
  comment: 'fuckkkkkk',
  ip: '::ffff:189.216.40.117'
}
Document inserted successfully: {
  acknowledged: true,
  insertedId: new ObjectId('6551ff4e9470200e7b7aeda8')
}
Req received from: ::ffff:187.189.129.68  getting: ( angelakimichellle@hotmail.com   fuckkkkkk )
About to insert to db this document:  {
  date: '2023/11/13',
  time: '04:49:51',
  email: 'angelakimichellle@hotmail.com',
  comment: 'fuckkkkkk',
  ip: '::ffff:187.189.129.68'
}
Document inserted successfully: {
  acknowledged: true,
  insertedId: new ObjectId('6551ff4f9470200e7b7aeda9')
}
Req received from: ::ffff:54.156.251.192  getting: ( undefined   undefined )
About to insert to db this document:  {
  date: '2023/11/13',
  time: '04:53:34',
  email: undefined,
  comment: undefined,
  ip: '::ffff:54.156.251.192'
}
Document inserted successfully: {
  acknowledged: true,
  insertedId: new ObjectId('6552002e9470200e7b7aedaa')
}
